<?xml version="1.0" encoding="UTF-8"?>
<!-- Generated by org.testng.reporters.JUnitReportReporter -->
<testsuite hostname="LTIN205658" failures="0" tests="4" name="pageObjectModel.testngpom" time="69.996" errors="0" timestamp="2024-02-28T15:58:49 IST" skipped="0">
  <testcase classname="pageObjectModel.testngpom" name="FindHospitals" time="44.074"/>
  <testcase classname="pageObjectModel.testngpom" name="Surgeries" time="7.071"/>
  <testcase classname="pageObjectModel.testngpom" name="ForCorporate" time="18.769"/>
  <testcase classname="pageObjectModel.testngpom" name="ThankYou" time="0.082"/>
</testsuite> <!-- pageObjectModel.testngpom -->
